<?xml version="1.0" encoding="UTF-8"?>
<testsuite xmlns:xsi="http://www.w3.org/2001/XMLSchema-instance" xsi:noNamespaceSchemaLocation="https://maven.apache.org/surefire/maven-surefire-plugin/xsd/surefire-test-report-3.0.xsd" version="3.0" name="TestPartita" time="0.013" tests="0" errors="0" skipped="0" failures="0">
  <properties>
    <property name="gopherProxySet" value="false"/>
    <property name="awt.toolkit" value="sun.lwawt.macosx.LWCToolkit"/>
    <property name="java.specification.version" value="11"/>
    <property name="sun.cpu.isalist" value=""/>
    <property name="sun.jnu.encoding" value="UTF-8"/>
    <property name="java.class.path" value="/Users/gianlucatondo/Desktop/Progetto/DADINO/GIOCO/target/test-classes:/Users/gianlucatondo/Desktop/Progetto/DADINO/GIOCO/target/classes:/Users/gianlucatondo/.m2/repository/org/openjfx/javafx-controls/11/javafx-controls-11.jar:/Users/gianlucatondo/.m2/repository/org/openjfx/javafx-controls/11/javafx-controls-11-mac.jar:/Users/gianlucatondo/.m2/repository/org/openjfx/javafx-graphics/11/javafx-graphics-11.jar:/Users/gianlucatondo/.m2/repository/org/openjfx/javafx-graphics/11/javafx-graphics-11-mac.jar:/Users/gianlucatondo/.m2/repository/org/openjfx/javafx-base/11/javafx-base-11.jar:/Users/gianlucatondo/.m2/repository/org/openjfx/javafx-base/11/javafx-base-11-mac.jar:/Users/gianlucatondo/.m2/repository/org/openjfx/javafx-fxml/11/javafx-fxml-11.jar:/Users/gianlucatondo/.m2/repository/org/openjfx/javafx-fxml/11/javafx-fxml-11-mac.jar:"/>
    <property name="java.vm.vendor" value="Oracle Corporation"/>
    <property name="sun.arch.data.model" value="64"/>
    <property name="java.vendor.url" value="https://openjdk.java.net/"/>
    <property name="user.timezone" value=""/>
    <property name="java.vm.specification.version" value="11"/>
    <property name="os.name" value="Mac OS X"/>
    <property name="sun.java.launcher" value="SUN_STANDARD"/>
    <property name="user.country" value="IT"/>
    <property name="sun.boot.library.path" value="/Library/Java/JavaVirtualMachines/jdk-11.0.12.jdk/Contents/Home/lib"/>
    <property name="sun.java.command" value="/Users/gianlucatondo/Desktop/Progetto/DADINO/GIOCO/target/surefire/surefirebooter-20240303004441162_3.jar /Users/gianlucatondo/Desktop/Progetto/DADINO/GIOCO/target/surefire 2024-03-03T00-44-41_072-jvmRun1 surefire-20240303004441162_1tmp surefire_0-20240303004441162_2tmp"/>
    <property name="http.nonProxyHosts" value="local|*.local|169.254/16|*.169.254/16"/>
    <property name="jdk.debug" value="release"/>
    <property name="surefire.test.class.path" value="/Users/gianlucatondo/Desktop/Progetto/DADINO/GIOCO/target/test-classes:/Users/gianlucatondo/Desktop/Progetto/DADINO/GIOCO/target/classes:/Users/gianlucatondo/.m2/repository/org/openjfx/javafx-controls/11/javafx-controls-11.jar:/Users/gianlucatondo/.m2/repository/org/openjfx/javafx-controls/11/javafx-controls-11-mac.jar:/Users/gianlucatondo/.m2/repository/org/openjfx/javafx-graphics/11/javafx-graphics-11.jar:/Users/gianlucatondo/.m2/repository/org/openjfx/javafx-graphics/11/javafx-graphics-11-mac.jar:/Users/gianlucatondo/.m2/repository/org/openjfx/javafx-base/11/javafx-base-11.jar:/Users/gianlucatondo/.m2/repository/org/openjfx/javafx-base/11/javafx-base-11-mac.jar:/Users/gianlucatondo/.m2/repository/org/openjfx/javafx-fxml/11/javafx-fxml-11.jar:/Users/gianlucatondo/.m2/repository/org/openjfx/javafx-fxml/11/javafx-fxml-11-mac.jar:"/>
    <property name="sun.cpu.endian" value="little"/>
    <property name="user.home" value="/Users/gianlucatondo"/>
    <property name="user.language" value="it"/>
    <property name="java.specification.vendor" value="Oracle Corporation"/>
    <property name="java.version.date" value="2021-07-20"/>
    <property name="java.home" value="/Library/Java/JavaVirtualMachines/jdk-11.0.12.jdk/Contents/Home"/>
    <property name="file.separator" value="/"/>
    <property name="basedir" value="/Users/gianlucatondo/Desktop/Progetto/DADINO/GIOCO"/>
    <property name="java.vm.compressedOopsMode" value="Zero based"/>
    <property name="line.separator" value="&#10;"/>
    <property name="java.specification.name" value="Java Platform API Specification"/>
    <property name="java.vm.specification.vendor" value="Oracle Corporation"/>
    <property name="java.awt.graphicsenv" value="sun.awt.CGraphicsEnvironment"/>
    <property name="surefire.real.class.path" value="/Users/gianlucatondo/Desktop/Progetto/DADINO/GIOCO/target/surefire/surefirebooter-20240303004441162_3.jar"/>
    <property name="sun.management.compiler" value="HotSpot 64-Bit Tiered Compilers"/>
    <property name="ftp.nonProxyHosts" value="local|*.local|169.254/16|*.169.254/16"/>
    <property name="java.runtime.version" value="11.0.12+8-LTS-237"/>
    <property name="user.name" value="gianlucatondo"/>
    <property name="path.separator" value=":"/>
    <property name="os.version" value="11.4"/>
    <property name="java.runtime.name" value="Java(TM) SE Runtime Environment"/>
    <property name="file.encoding" value="UTF-8"/>
    <property name="java.vm.name" value="Java HotSpot(TM) 64-Bit Server VM"/>
    <property name="java.vendor.version" value="18.9"/>
    <property name="localRepository" value="/Users/gianlucatondo/.m2/repository"/>
    <property name="java.vendor.url.bug" value="https://bugreport.java.com/bugreport/"/>
    <property name="java.io.tmpdir" value="/var/folders/q4/mzkz3f4s795bbwzpv_1c3cc00000gn/T/"/>
    <property name="java.version" value="11.0.12"/>
    <property name="user.dir" value="/Users/gianlucatondo/Desktop/Progetto/DADINO/GIOCO"/>
    <property name="os.arch" value="x86_64"/>
    <property name="java.vm.specification.name" value="Java Virtual Machine Specification"/>
    <property name="java.awt.printerjob" value="sun.lwawt.macosx.CPrinterJob"/>
    <property name="sun.os.patch.level" value="unknown"/>
    <property name="java.library.path" value="/Users/gianlucatondo/Library/Java/Extensions:/Library/Java/Extensions:/Network/Library/Java/Extensions:/System/Library/Java/Extensions:/usr/lib/java:."/>
    <property name="java.vendor" value="Oracle Corporation"/>
    <property name="java.vm.info" value="mixed mode"/>
    <property name="java.vm.version" value="11.0.12+8-LTS-237"/>
    <property name="sun.io.unicode.encoding" value="UnicodeBig"/>
    <property name="java.class.version" value="55.0"/>
    <property name="socksNonProxyHosts" value="local|*.local|169.254/16|*.169.254/16"/>
  </properties>
</testsuite>